

Version:	3.12
CmdLine:	C:\Users\JavaMan\IdeaProjects\CikUzLoksnes v04\out\artifacts\CikUzLoksnes_v04_jar\CikUzLoksnes v04.exe --l4j-debug
WOW64:		yes
Working dir:	C:\Users\JavaMan\IdeaProjects\CikUzLoksnes v04\out\artifacts\CikUzLoksnes_v04_jar\.
Java min ver:	1.000.000
Java max ver:	1.009.000_000
64-bit search:	SOFTWARE\JavaSoft\Java Runtime Environment...
Check:		SOFTWARE\JavaSoft\Java Runtime Environment\1.8
Check launcher:	C:\Program Files\Java\jre1.8.0_271\bin\javaw.exe (OK)
Match:		1.008.000
Check:		SOFTWARE\JavaSoft\Java Runtime Environment\1.8.0_271
Check launcher:	C:\Program Files\Java\jre1.8.0_271\bin\javaw.exe (OK)
Match:		1.008.000_271
64-bit search:	SOFTWARE\JavaSoft\Java Development Kit...
Check:		SOFTWARE\JavaSoft\Java Development Kit\1.8
Ignore:		1.008.000
Check:		SOFTWARE\JavaSoft\Java Development Kit\1.8.0_271
Ignore:		1.008.000_271
64-bit search:	SOFTWARE\JavaSoft\JRE...
64-bit search:	SOFTWARE\JavaSoft\JDK...
Check:		SOFTWARE\JavaSoft\JDK\13.0.2
Ignore:		1.013.000_002
Check:		SOFTWARE\JavaSoft\JDK\15.0.1
Ignore:		1.015.000_001
Runtime used:	1.008.000_271 (64-bit)
Launcher:	C:\Program Files\Java\jre1.8.0_271\bin\javaw.exe
Launcher args:	-jar "C:\Users\JavaMan\IdeaProjects\CikUzLoksnes v04\out\artifacts\CikUzLoksnes_v04_jar\CikUzLoksnes v04.exe"
Args length:	109/32768 chars
Exit code:	0


Version:	3.12
CmdLine:	C:\Users\JavaMan\IdeaProjects\CikUzLoksnes v04\out\artifacts\CikUzLoksnes_v04_jar\CikUzLoksnes v04.exe --l4j-debug
WOW64:		yes
Working dir:	C:\Users\JavaMan\IdeaProjects\CikUzLoksnes v04\out\artifacts\CikUzLoksnes_v04_jar\.
Java min ver:	1.000.000
Java max ver:	1.009.000_000
64-bit search:	SOFTWARE\JavaSoft\Java Runtime Environment...
Check:		SOFTWARE\JavaSoft\Java Runtime Environment\1.8
Check launcher:	C:\Program Files\Java\jre1.8.0_271\bin\javaw.exe (OK)
Match:		1.008.000
Check:		SOFTWARE\JavaSoft\Java Runtime Environment\1.8.0_271
Check launcher:	C:\Program Files\Java\jre1.8.0_271\bin\javaw.exe (OK)
Match:		1.008.000_271
64-bit search:	SOFTWARE\JavaSoft\Java Development Kit...
Check:		SOFTWARE\JavaSoft\Java Development Kit\1.8
Ignore:		1.008.000
Check:		SOFTWARE\JavaSoft\Java Development Kit\1.8.0_271
Ignore:		1.008.000_271
64-bit search:	SOFTWARE\JavaSoft\JRE...
64-bit search:	SOFTWARE\JavaSoft\JDK...
Check:		SOFTWARE\JavaSoft\JDK\13.0.2
Ignore:		1.013.000_002
Check:		SOFTWARE\JavaSoft\JDK\15.0.1
Ignore:		1.015.000_001
Runtime used:	1.008.000_271 (64-bit)
Launcher:	C:\Program Files\Java\jre1.8.0_271\bin\javaw.exe
Launcher args:	-jar "C:\Users\JavaMan\IdeaProjects\CikUzLoksnes v04\out\artifacts\CikUzLoksnes_v04_jar\CikUzLoksnes v04.exe"
Args length:	109/32768 chars
Exit code:	0


Version:	3.12
CmdLine:	C:\Users\JavaMan\Dropbox\Java-projekti\CikUzLoksnes v06\out\artifacts\CikUzLoksnes_v04_jar\CikUzLoksnes.exe --l4j-debug
WOW64:		yes
Working dir:	C:\Users\JavaMan\Dropbox\Java-projekti\CikUzLoksnes v06\out\artifacts\CikUzLoksnes_v04_jar\.
Java min ver:	1.008.000
Java max ver:	
Bundled JRE:	C:\Program Files\Java\jre1.8.0_271\bin
Check launcher:	C:\Program Files\Java\jre1.8.0_271\bin\bin\javaw.exe (not found)
64-bit search:	SOFTWARE\JavaSoft\Java Development Kit...
Check:		SOFTWARE\JavaSoft\Java Development Kit\1.8
Check launcher:	C:\Program Files\Java\jdk1.8.0_271\bin\javaw.exe (OK)
Match:		1.008.000
Check:		SOFTWARE\JavaSoft\Java Development Kit\1.8.0_271
Check launcher:	C:\Program Files\Java\jdk1.8.0_271\bin\javaw.exe (OK)
Match:		1.008.000_271
64-bit search:	SOFTWARE\JavaSoft\Java Runtime Environment...
Check:		SOFTWARE\JavaSoft\Java Runtime Environment\1.8
Ignore:		1.008.000
Check:		SOFTWARE\JavaSoft\Java Runtime Environment\1.8.0_291
Check launcher:	C:\Program Files\Java\jre1.8.0_291\bin\javaw.exe (OK)
Match:		1.008.000_291
64-bit search:	SOFTWARE\JavaSoft\JDK...
Check:		SOFTWARE\JavaSoft\JDK\13.0.2
Check launcher:	C:\Program Files\Java\jdk-13.0.2\bin\javaw.exe (OK)
Match:		1.013.000_002
Check:		SOFTWARE\JavaSoft\JDK\15.0.1
Check launcher:	C:\Program Files\Oracle\jdk-15.0.1\bin\javaw.exe (OK)
Match:		1.015.000_001
64-bit search:	SOFTWARE\JavaSoft\JRE...
Runtime used:	1.015.000_001 (64-bit)
Launcher:	C:\Program Files\Oracle\jdk-15.0.1\bin\javaw.exe
Launcher args:	-jar "C:\Users\JavaMan\Dropbox\Java-projekti\CikUzLoksnes v06\out\artifacts\CikUzLoksnes_v04_jar\CikUzLoksnes.exe"
Args length:	114/32768 chars
Exit code:	0


Version:	3.12
CmdLine:	C:\Users\JavaMan\Dropbox\Java-projekti\CikUzLoksnes v06\out\artifacts\CikUzLoksnes_v04_jar\CikUzLoksnes.exe --l4j-debug
WOW64:		yes
Working dir:	C:\Users\JavaMan\Dropbox\Java-projekti\CikUzLoksnes v06\out\artifacts\CikUzLoksnes_v04_jar\.
Java min ver:	1.008.000
Java max ver:	
Bundled JRE:	C:\Program Files\Java\jre1.8.0_271\bin
Check launcher:	C:\Program Files\Java\jre1.8.0_271\bin\bin\javaw.exe (not found)
64-bit search:	SOFTWARE\JavaSoft\Java Development Kit...
Check:		SOFTWARE\JavaSoft\Java Development Kit\1.8
Check launcher:	C:\Program Files\Java\jdk1.8.0_271\bin\javaw.exe (OK)
Match:		1.008.000
Check:		SOFTWARE\JavaSoft\Java Development Kit\1.8.0_271
Check launcher:	C:\Program Files\Java\jdk1.8.0_271\bin\javaw.exe (OK)
Match:		1.008.000_271
64-bit search:	SOFTWARE\JavaSoft\Java Runtime Environment...
Check:		SOFTWARE\JavaSoft\Java Runtime Environment\1.8
Ignore:		1.008.000
Check:		SOFTWARE\JavaSoft\Java Runtime Environment\1.8.0_291
Check launcher:	C:\Program Files\Java\jre1.8.0_291\bin\javaw.exe (OK)
Match:		1.008.000_291
64-bit search:	SOFTWARE\JavaSoft\JDK...
Check:		SOFTWARE\JavaSoft\JDK\13.0.2
Check launcher:	C:\Program Files\Java\jdk-13.0.2\bin\javaw.exe (OK)
Match:		1.013.000_002
Check:		SOFTWARE\JavaSoft\JDK\15.0.1
Check launcher:	C:\Program Files\Oracle\jdk-15.0.1\bin\javaw.exe (OK)
Match:		1.015.000_001
64-bit search:	SOFTWARE\JavaSoft\JRE...
Runtime used:	1.015.000_001 (64-bit)
Launcher:	C:\Program Files\Oracle\jdk-15.0.1\bin\javaw.exe
Launcher args:	-jar "C:\Users\JavaMan\Dropbox\Java-projekti\CikUzLoksnes v06\out\artifacts\CikUzLoksnes_v04_jar\CikUzLoksnes.exe"
Args length:	114/32768 chars
Exit code:	0
